<?xml version="1.0" encoding="UTF-8"?>
<testsuite xmlns:xsi="http://www.w3.org/2001/XMLSchema-instance" xsi:noNamespaceSchemaLocation="https://maven.apache.org/surefire/maven-surefire-plugin/xsd/surefire-test-report-3.0.xsd" version="3.0" name="com.APITestRunner" time="5.93" tests="4" errors="0" skipped="0" failures="1">
  <properties>
[...]
</properties>
  <testcase name="Get employees by specific id" classname="com.APITestRunner" time="2.739"/>
  <testcase name="Get employees by specific id" classname="com.APITestRunner" time="0.286"/>
  <testcase name="Create employee" classname="com.APITestRunner" time="0.698">
    <failure message="1 expectation failed.&#10;Expected status code &lt;200&gt; but was &lt;404&gt;.&#10;" type="java.lang.AssertionError"><![CDATA[java.lang.AssertionError: 
1 expectation failed.
Expected status code <200> but was <404>.

]]></failure>
    <system-out><![CDATA[16:28:37.474 [TestNG-PoolService-0] INFO  - PASS  Get employees by specific id
16:28:37.476 [TestNG-PoolService-0] INFO  - START Create employee
]]></system-out>
  </testcase>
  <testcase name="Remove employee" classname="com.APITestRunner" time="0.286"/>
</testsuite>